  vasia.cpp
d:\учёба\лабы\прога 3 сем\oop\lab3_var7\vasia\vasia.cpp(94): warning C4996: 'strcpy': This function or variable may be unsafe. Consider using strcpy_s instead. To disable deprecation, use _CRT_SECURE_NO_WARNINGS. See online help for details.
  c:\program files (x86)\windows kits\10\include\10.0.10240.0\ucrt\string.h(119): note:  см. объявление "strcpy"
d:\учёба\лабы\прога 3 сем\oop\lab3_var7\vasia\vasia.cpp(116): warning C4996: 'strcpy': This function or variable may be unsafe. Consider using strcpy_s instead. To disable deprecation, use _CRT_SECURE_NO_WARNINGS. See online help for details.
  c:\program files (x86)\windows kits\10\include\10.0.10240.0\ucrt\string.h(119): note:  см. объявление "strcpy"
d:\учёба\лабы\прога 3 сем\oop\lab3_var7\vasia\vasia.cpp(120): warning C4996: 'strcpy': This function or variable may be unsafe. Consider using strcpy_s instead. To disable deprecation, use _CRT_SECURE_NO_WARNINGS. See online help for details.
  c:\program files (x86)\windows kits\10\include\10.0.10240.0\ucrt\string.h(119): note:  см. объявление "strcpy"
d:\учёба\лабы\прога 3 сем\oop\lab3_var7\vasia\vasia.cpp(136): warning C4996: 'strcpy': This function or variable may be unsafe. Consider using strcpy_s instead. To disable deprecation, use _CRT_SECURE_NO_WARNINGS. See online help for details.
  c:\program files (x86)\windows kits\10\include\10.0.10240.0\ucrt\string.h(119): note:  см. объявление "strcpy"
d:\учёба\лабы\прога 3 сем\oop\lab3_var7\vasia\vasia.cpp(157): warning C4996: 'strcpy': This function or variable may be unsafe. Consider using strcpy_s instead. To disable deprecation, use _CRT_SECURE_NO_WARNINGS. See online help for details.
  c:\program files (x86)\windows kits\10\include\10.0.10240.0\ucrt\string.h(119): note:  см. объявление "strcpy"
d:\учёба\лабы\прога 3 сем\oop\lab3_var7\vasia\vasia.cpp(246): warning C4996: 'strcpy': This function or variable may be unsafe. Consider using strcpy_s instead. To disable deprecation, use _CRT_SECURE_NO_WARNINGS. See online help for details.
  c:\program files (x86)\windows kits\10\include\10.0.10240.0\ucrt\string.h(119): note:  см. объявление "strcpy"
d:\учёба\лабы\прога 3 сем\oop\lab3_var7\vasia\vasia.cpp(247): warning C4996: 'strcat': This function or variable may be unsafe. Consider using strcat_s instead. To disable deprecation, use _CRT_SECURE_NO_WARNINGS. See online help for details.
  c:\program files (x86)\windows kits\10\include\10.0.10240.0\ucrt\string.h(90): note:  см. объявление "strcat"
d:\учёба\лабы\прога 3 сем\oop\lab3_var7\vasia\vasia.cpp(248): warning C4996: 'strcat': This function or variable may be unsafe. Consider using strcat_s instead. To disable deprecation, use _CRT_SECURE_NO_WARNINGS. See online help for details.
  c:\program files (x86)\windows kits\10\include\10.0.10240.0\ucrt\string.h(90): note:  см. объявление "strcat"
d:\учёба\лабы\прога 3 сем\oop\lab3_var7\vasia\vasia.cpp(278): warning C4996: 'strcpy': This function or variable may be unsafe. Consider using strcpy_s instead. To disable deprecation, use _CRT_SECURE_NO_WARNINGS. See online help for details.
  c:\program files (x86)\windows kits\10\include\10.0.10240.0\ucrt\string.h(119): note:  см. объявление "strcpy"
d:\учёба\лабы\прога 3 сем\oop\lab3_var7\vasia\vasia.cpp(431): warning C4996: 'scanf': This function or variable may be unsafe. Consider using scanf_s instead. To disable deprecation, use _CRT_SECURE_NO_WARNINGS. See online help for details.
  c:\program files (x86)\windows kits\10\include\10.0.10240.0\ucrt\stdio.h(1270): note:  см. объявление "scanf"
d:\учёба\лабы\прога 3 сем\oop\lab3_var7\vasia\vasia.cpp(443): warning C4996: 'scanf': This function or variable may be unsafe. Consider using scanf_s instead. To disable deprecation, use _CRT_SECURE_NO_WARNINGS. See online help for details.
  c:\program files (x86)\windows kits\10\include\10.0.10240.0\ucrt\stdio.h(1270): note:  см. объявление "scanf"
d:\учёба\лабы\прога 3 сем\oop\lab3_var7\vasia\vasia.cpp(446): warning C4996: 'strcpy': This function or variable may be unsafe. Consider using strcpy_s instead. To disable deprecation, use _CRT_SECURE_NO_WARNINGS. See online help for details.
  c:\program files (x86)\windows kits\10\include\10.0.10240.0\ucrt\string.h(119): note:  см. объявление "strcpy"
  vasia.vcxproj -> D:\Учёба\Лабы\Прога 3 сем\OOP\Lab3_Var7\Debug\vasia.exe
  vasia.vcxproj -> D:\Учёба\Лабы\Прога 3 сем\OOP\Lab3_Var7\Debug\vasia.pdb (Full PDB)
